<?xml version="1.0" encoding="UTF-8"?>
<!-- Generated by org.testng.reporters.JUnitReportReporter -->
<testsuite hostname="Sakthi" failures="0" tests="1" name="testCases.Login_testCases" time="9.695" errors="0" timestamp="2025-03-31T02:34:02 IST" skipped="0">
  <testcase classname="testCases.Login_testCases" name="login" time="9.695"/>
</testsuite> <!-- testCases.Login_testCases -->
