<?xml version="1.0" encoding="UTF-8"?>
<!-- Generated by org.testng.reporters.JUnitReportReporter -->
<testsuite hostname="Sakthi" failures="0" tests="1" name="testCases.Signin_testCases" time="7.441" errors="0" timestamp="2025-03-31T02:34:02 IST" skipped="0">
  <testcase classname="testCases.Signin_testCases" name="signin" time="7.441"/>
</testsuite> <!-- testCases.Signin_testCases -->
