<?xml version="1.0" encoding="UTF-8"?>
<!-- Generated by org.testng.reporters.JUnitReportReporter -->
<testsuite hostname="Sakthi" failures="0" tests="1" name="testCases.AddContact_testCases" time="49.703" errors="0" timestamp="2025-03-31T02:34:02 IST" skipped="0">
  <testcase classname="testCases.AddContact_testCases" name="login" time="49.703"/>
</testsuite> <!-- testCases.AddContact_testCases -->
